speechDemo/build/outputs/logs/manifest-merger-debug-report.txt
-- Merging decision tree log ---
manifest
ADDED from src/main/AndroidManifest.xml:2:1-79:12
INJECTED from src/main/AndroidManifest.xml:2:1-79:12
INJECTED from src/main/AndroidManifest.xml:2:1-79:12
INJECTED from src/main/AndroidManifest.xml:2:1-79:12
MERGED from [com.android.support:support-v4:27.1.1] AndroidManifest.xml:17:1-22:12
MERGED from [com.android.support:support-media-compat:27.1.1] AndroidManifest.xml:17:1-22:12
MERGED from [com.android.support:support-fragment:27.1.1] AndroidManifest.xml:17:1-22:12
MERGED from [com.android.support:support-core-ui:27.1.1] AndroidManifest.xml:17:1-22:12
MERGED from [com.android.support:support-core-utils:27.1.1] AndroidManifest.xml:17:1-22:12
MERGED from [com.android.support:support-compat:27.1.1] AndroidManifest.xml:17:1-22:12
MERGED from [android.arch.lifecycle:runtime:1.1.0] AndroidManifest.xml:17:1-22:12
MERGED from [android.arch.lifecycle:livedata-core:1.1.0] AndroidManifest.xml:17:1-22:12
MERGED from [android.arch.lifecycle:viewmodel:1.1.0] AndroidManifest.xml:17:1-22:12
MERGED from [android.arch.core:runtime:1.1.0] AndroidManifest.xml:17:1-22:12
INJECTED from src/main/AndroidManifest.xml:2:1-79:12
INJECTED from src/main/AndroidManifest.xml:2:1-79:12
INJECTED from src/main/AndroidManifest.xml:2:1-79:12
	package
		ADDED from src/main/AndroidManifest.xml:3:5-36
		INJECTED from src/main/AndroidManifest.xml
		INJECTED from src/main/AndroidManifest.xml
	android:versionName
		INJECTED from src/main/AndroidManifest.xml
		ADDED from src/main/AndroidManifest.xml:2:1-79:12
		INJECTED from src/main/AndroidManifest.xml
	android:versionCode
		INJECTED from src/main/AndroidManifest.xml
		ADDED from src/main/AndroidManifest.xml:2:1-79:12
		INJECTED from src/main/AndroidManifest.xml
	xmlns:android
		ADDED from src/main/AndroidManifest.xml:2:11-69
uses-permission#android.permission.RECORD_AUDIO
ADDED from src/main/AndroidManifest.xml:5:5-71
	android:name
		ADDED from src/main/AndroidManifest.xml:5:22-68
uses-permission#android.permission.INTERNET
ADDED from src/main/AndroidManifest.xml:6:5-67
	android:name
		ADDED from src/main/AndroidManifest.xml:6:22-64
uses-permission#android.permission.ACCESS_NETWORK_STATE
ADDED from src/main/AndroidManifest.xml:7:5-79
	android:name
		ADDED from src/main/AndroidManifest.xml:7:22-76
uses-permission#android.permission.ACCESS_WIFI_STATE
ADDED from src/main/AndroidManifest.xml:8:5-76
	android:name
		ADDED from src/main/AndroidManifest.xml:8:22-73
uses-permission#android.permission.CHANGE_NETWORK_STATE
ADDED from src/main/AndroidManifest.xml:9:5-79
	android:name
		ADDED from src/main/AndroidManifest.xml:9:22-76
uses-permission#android.permission.READ_PHONE_STATE
ADDED from src/main/AndroidManifest.xml:10:5-75
	android:name
		ADDED from src/main/AndroidManifest.xml:10:22-72
uses-permission#android.permission.ACCESS_FINE_LOCATION
ADDED from src/main/AndroidManifest.xml:11:5-79
	android:name
		ADDED from src/main/AndroidManifest.xml:11:22-76
uses-permission#android.permission.READ_CONTACTS
ADDED from src/main/AndroidManifest.xml:12:5-72
	android:name
		ADDED from src/main/AndroidManifest.xml:12:22-69
uses-permission#android.permission.WRITE_EXTERNAL_STORAGE
ADDED from src/main/AndroidManifest.xml:13:5-81
	android:name
		ADDED from src/main/AndroidManifest.xml:13:22-78
uses-permission#android.permission.WRITE_SETTINGS
ADDED from src/main/AndroidManifest.xml:14:5-73
	android:name
		ADDED from src/main/AndroidManifest.xml:14:22-70
uses-permission#android.permission.READ_EXTERNAL_STORAGE
ADDED from src/main/AndroidManifest.xml:15:5-80
	android:name
		ADDED from src/main/AndroidManifest.xml:15:22-77
application
ADDED from src/main/AndroidManifest.xml:17:5-77:19
	android:label
		ADDED from src/main/AndroidManifest.xml:20:9-31
	android:icon
		ADDED from src/main/AndroidManifest.xml:18:9-38
	android:name
		ADDED from src/main/AndroidManifest.xml:19:9-33
activity#com.iflytek.voicedemo.MainActivity
ADDED from src/main/AndroidManifest.xml:21:9-32:20
	android:screenOrientation
		ADDED from src/main/AndroidManifest.xml:26:13-49
	android:label
		ADDED from src/main/AndroidManifest.xml:25:13-35
	android:configChanges
		ADDED from src/main/AndroidManifest.xml:23:13-133
	android:icon
		ADDED from src/main/AndroidManifest.xml:24:13-42
	android:name
		ADDED from src/main/AndroidManifest.xml:22:13-62
intent-filter#action:name:android.intent.action.MAIN+category:name:android.intent.category.LAUNCHER
ADDED from src/main/AndroidManifest.xml:27:13-31:29
action#android.intent.action.MAIN
ADDED from src/main/AndroidManifest.xml:28:17-69
	android:name
		ADDED from src/main/AndroidManifest.xml:28:25-66
category#android.intent.category.LAUNCHER
ADDED from src/main/AndroidManifest.xml:30:17-77
	android:name
		ADDED from src/main/AndroidManifest.xml:30:27-74
activity#com.iflytek.speech.setting.TtsSettings
ADDED from src/main/AndroidManifest.xml:33:9-34:20
	android:name
		ADDED from src/main/AndroidManifest.xml:33:19-72
activity#com.iflytek.speech.setting.IatSettings
ADDED from src/main/AndroidManifest.xml:35:9-36:20
	android:name
		ADDED from src/main/AndroidManifest.xml:35:19-72
activity#com.iflytek.speech.setting.UnderstanderSettings
ADDED from src/main/AndroidManifest.xml:37:9-38:20
	android:name
		ADDED from src/main/AndroidManifest.xml:37:19-81
activity#com.iflytek.voicedemo.IatDemo
ADDED from src/main/AndroidManifest.xml:39:9-43:20
	android:screenOrientation
		ADDED from src/main/AndroidManifest.xml:42:13-49
	android:configChanges
		ADDED from src/main/AndroidManifest.xml:41:13-133
	android:name
		ADDED from src/main/AndroidManifest.xml:40:13-57
activity#com.iflytek.voicedemo.AsrDemo
ADDED from src/main/AndroidManifest.xml:44:9-48:20
	android:screenOrientation
		ADDED from src/main/AndroidManifest.xml:47:13-49
	android:configChanges
		ADDED from src/main/AndroidManifest.xml:46:13-133
	android:name
		ADDED from src/main/AndroidManifest.xml:45:13-57
activity#com.iflytek.voicedemo.UnderstanderDemo
ADDED from src/main/AndroidManifest.xml:49:9-53:20
	android:screenOrientation
		ADDED from src/main/AndroidManifest.xml:52:13-49
	android:configChanges
		ADDED from src/main/AndroidManifest.xml:51:13-133
	android:name
		ADDED from src/main/AndroidManifest.xml:50:13-66
activity#com.iflytek.voicedemo.TtsDemo
ADDED from src/main/AndroidManifest.xml:54:9-58:20
	android:screenOrientation
		ADDED from src/main/AndroidManifest.xml:57:13-49
	android:configChanges
		ADDED from src/main/AndroidManifest.xml:56:13-133
	android:name
		ADDED from src/main/AndroidManifest.xml:55:13-57
activity#com.iflytek.voicedemo.IseDemo
ADDED from src/main/AndroidManifest.xml:59:9-63:20
	android:screenOrientation
		ADDED from src/main/AndroidManifest.xml:62:13-49
	android:configChanges
		ADDED from src/main/AndroidManifest.xml:61:13-133
	android:name
		ADDED from src/main/AndroidManifest.xml:60:13-57
activity#com.iflytek.speech.setting.IseSettings
ADDED from src/main/AndroidManifest.xml:64:9-68:20
	android:screenOrientation
		ADDED from src/main/AndroidManifest.xml:67:13-49
	android:configChanges
		ADDED from src/main/AndroidManifest.xml:66:13-133
	android:name
		ADDED from src/main/AndroidManifest.xml:65:13-66
meta-data#IFLYTEK_APPKEY
ADDED from src/main/AndroidManifest.xml:70:9-72:42
	android:value
		ADDED from src/main/AndroidManifest.xml:72:13-29
	android:name
		ADDED from src/main/AndroidManifest.xml:71:13-42
meta-data#IFLYTEK_CHANNEL
ADDED from src/main/AndroidManifest.xml:73:9-75:44
	android:value
		ADDED from src/main/AndroidManifest.xml:75:13-41
	android:name
		ADDED from src/main/AndroidManifest.xml:74:13-43
uses-sdk
INJECTED from src/main/AndroidManifest.xml reason: use-sdk injection requested
INJECTED from src/main/AndroidManifest.xml
INJECTED from src/main/AndroidManifest.xml
MERGED from [com.android.support:support-v4:27.1.1] AndroidManifest.xml:20:5-44
MERGED from [com.android.support:support-v4:27.1.1] AndroidManifest.xml:20:5-44
MERGED from [com.android.support:support-media-compat:27.1.1] AndroidManifest.xml:20:5-44
MERGED from [com.android.support:support-media-compat:27.1.1] AndroidManifest.xml:20:5-44
MERGED from [com.android.support:support-fragment:27.1.1] AndroidManifest.xml:20:5-44
MERGED from [com.android.support:support-fragment:27.1.1] AndroidManifest.xml:20:5-44
MERGED from [com.android.support:support-core-ui:27.1.1] AndroidManifest.xml:20:5-44
MERGED from [com.android.support:support-core-ui:27.1.1] AndroidManifest.xml:20:5-44
MERGED from [com.android.support:support-core-utils:27.1.1] AndroidManifest.xml:20:5-44
MERGED from [com.android.support:support-core-utils:27.1.1] AndroidManifest.xml:20:5-44
MERGED from [com.android.support:support-compat:27.1.1] AndroidManifest.xml:20:5-44
MERGED from [com.android.support:support-compat:27.1.1] AndroidManifest.xml:20:5-44
MERGED from [android.arch.lifecycle:runtime:1.1.0] AndroidManifest.xml:20:5-44
MERGED from [android.arch.lifecycle:runtime:1.1.0] AndroidManifest.xml:20:5-44
MERGED from [android.arch.lifecycle:livedata-core:1.1.0] AndroidManifest.xml:20:5-44
MERGED from [android.arch.lifecycle:livedata-core:1.1.0] AndroidManifest.xml:20:5-44
MERGED from [android.arch.lifecycle:viewmodel:1.1.0] AndroidManifest.xml:20:5-44
MERGED from [android.arch.lifecycle:viewmodel:1.1.0] AndroidManifest.xml:20:5-44
MERGED from [android.arch.core:runtime:1.1.0] AndroidManifest.xml:20:5-44
MERGED from [android.arch.core:runtime:1.1.0] AndroidManifest.xml:20:5-44
INJECTED from src/main/AndroidManifest.xml
INJECTED from src/main/AndroidManifest.xml
	android:targetSdkVersion
		INJECTED from src/main/AndroidManifest.xml
		ADDED from src/main/AndroidManifest.xml
		INJECTED from src/main/AndroidManifest.xml
	android:minSdkVersion
		INJECTED from src/main/AndroidManifest.xml
		ADDED from src/main/AndroidManifest.xml
		INJECTED from src/main/AndroidManifest.xml